00:00:00.001156 main     VirtualBox XPCOM Server 7.0.6 r155176 linux.amd64 (Feb 22 2023 15:36:54) release log
00:00:00.001158 main     Log opened 2023-04-06T20:46:55.203670000Z
00:00:00.001158 main     Build Type: release
00:00:00.001160 main     OS Product: Linux
00:00:00.001161 main     OS Release: 6.2.8-arch1-1
00:00:00.001161 main     OS Version: #1 SMP PREEMPT_DYNAMIC Wed, 22 Mar 2023 22:52:35 +0000
00:00:00.001174 main     DMI Product Name: XPS 15 9520
00:00:00.001177 main     DMI Product Version: 
00:00:00.001179 main     Firmware type: UEFI
00:00:00.002270 main     Secure Boot: Disabled
00:00:00.002304 main     Host RAM: 31769MB (31.0GB) total, 31012MB (30.2GB) available
00:00:00.002307 main     Executable: /usr/lib/virtualbox/VBoxSVC
00:00:00.002308 main     Process ID: 2633
00:00:00.002308 main     Package type: LINUX_64BITS_GENERIC (OSE)
00:00:00.003536 main     IPC socket path: /tmp/.vbox-space-ipc/ipcd
00:00:00.112225 nspr-2   VirtualBox: object creation starts
00:00:00.113587 nspr-2   Home directory: '/home/space/.config/VirtualBox'
00:00:00.114126 nspr-2   Loading settings file "/home/space/.config/VirtualBox/VirtualBox.xml" with version "1.12-linux"
00:00:00.125755 nspr-2   Failed to retrive disk info: getDiskName(/dev/mapper/cryptroot) --> cryptroot
00:00:00.139561 nspr-2   NetIfAdpCtlOut: VBoxNetAdpCtl: Error while retrieving link speed for wlp0s20f3: VBoxNetAdpCtl: ioctl failed: Operation not supported
00:00:00.141142 nspr-2   HostDnsMonitor: initializing
00:00:00.141507 nspr-2   NAT: resolv.conf: nameserver 10.0.0.1
00:00:00.141523 nspr-2   NAT: resolv.conf: nameserver fd9f:4bd2:72b7:0:8275:1fff:fe7e:bd90
00:00:00.141527 nspr-2   NAT: resolv.conf: nameserver 192.168.0.1
00:00:00.141536 nspr-2   HostDnsMonitor: updating information
00:00:00.141550 nspr-2   HostDnsMonitor: old information
00:00:00.141552 nspr-2     no server entries
00:00:00.141554 nspr-2     no domain set
00:00:00.141556 nspr-2     no search string entries
00:00:00.141558 nspr-2   HostDnsMonitor: new information
00:00:00.141560 nspr-2     server 1: 10.0.0.1
00:00:00.141562 nspr-2     server 2: fd9f:4bd2:72b7:0:8275:1fff:fe7e:bd90
00:00:00.141564 nspr-2     server 3: 192.168.0.1
00:00:00.141566 nspr-2     domain: Home
00:00:00.141568 nspr-2     search string 1: Home
00:00:00.145006 nspr-2   Failed to open "/dev/vboxdrvu", errno=2, rc=VERR_VM_DRIVER_NOT_INSTALLED
00:00:00.145744 nspr-2   VD: VDInit finished with VINF_SUCCESS
00:00:00.146515 nspr-2   ERROR [COM]: aRC=NS_ERROR_FAILURE (0x80004005) aIID={aac6c7cb-a371-4c58-ab51-0616896b2f2c} aComponent={SystemPropertiesWrap} aText={Cannot determine default Guest Additions ISO location. Most likely they are not available}, preserve=false aResultDetail=0
00:00:00.152921 nspr-2   Loading settings file "/home/space/Documents/ISO/kali-linux-2023.1-virtualbox-amd64/kali-linux-2023.1-virtualbox-amd64.vbox" with version "1.19-linux"
00:00:00.155155 nspr-2   VirtualBox: object created
00:00:00.544916 nspr-4   WARNING [COM]: aRC=NS_ERROR_FAILURE (0x80004005) aIID={e54f6256-97a7-4947-8a78-10c013ddf4b8} aComponent={HostWrap} aText={VirtualBox is not currently allowed to access USB devices.  You can change this by adding your user to the 'vboxusers' group.  Please see the user manual for a more detailed explanation}, preserve=false aResultDetail=0
00:00:00.900456 nspr-3   Saving settings file "/home/space/.config/VirtualBox/VirtualBox.xml" with version "1.12-linux"
00:00:00.901867 nspr-3   Finished saving settings file "/home/space/.config/VirtualBox/VirtualBox.xml"
00:00:01.746858 nspr-4   Saving settings file "/home/space/.config/VirtualBox/VirtualBox.xml" with version "1.12-linux"
00:00:01.758900 nspr-4   Finished saving settings file "/home/space/.config/VirtualBox/VirtualBox.xml"
00:00:02.089065 nspr-3   WARNING [COM]: aRC=NS_ERROR_FAILURE (0x80004005) aIID={e54f6256-97a7-4947-8a78-10c013ddf4b8} aComponent={HostWrap} aText={VirtualBox is not currently allowed to access USB devices.  You can change this by adding your user to the 'vboxusers' group.  Please see the user manual for a more detailed explanation}, preserve=true aResultDetail=0
00:00:02.115335 nspr-3   ERROR [COM]: aRC=VBOX_E_INVALID_VM_STATE (0x80bb0002) aIID={300763af-5d6b-46e6-aa96-273eac15538a} aComponent={MachineWrap} aText={The machine is not mutable (state is PoweredOff)}, preserve=false aResultDetail=0
00:00:02.115847 nspr-3   Failed to open "/dev/vboxdrvu", errno=2, rc=VERR_VM_DRIVER_NOT_INSTALLED
00:00:02.205858 nspr-3   WARNING [COM]: aRC=NS_ERROR_FAILURE (0x80004005) aIID={e54f6256-97a7-4947-8a78-10c013ddf4b8} aComponent={HostWrap} aText={VirtualBox is not currently allowed to access USB devices.  You can change this by adding your user to the 'vboxusers' group.  Please see the user manual for a more detailed explanation}, preserve=true aResultDetail=0
00:00:02.206779 nspr-3   WARNING [COM]: aRC=NS_ERROR_FAILURE (0x80004005) aIID={e54f6256-97a7-4947-8a78-10c013ddf4b8} aComponent={HostWrap} aText={VirtualBox is not currently allowed to access USB devices.  You can change this by adding your user to the 'vboxusers' group.  Please see the user manual for a more detailed explanation}, preserve=true aResultDetail=0
00:00:03.141660 nspr-2   Launched VM: 268440048 pid: 2677 (0xa75) frontend: GUI/Qt name: kali-linux-2023.1-virtualbox-amd64
00:00:03.167577 nspr-5   ERROR [COM]: aRC=VBOX_E_INVALID_VM_STATE (0x80bb0002) aIID={300763af-5d6b-46e6-aa96-273eac15538a} aComponent={MachineWrap} aText={The machine is not mutable (state is PoweredOff)}, preserve=false aResultDetail=0
00:00:03.167981 nspr-5   Failed to open "/dev/vboxdrvu", errno=2, rc=VERR_VM_DRIVER_NOT_INSTALLED
00:00:03.176530 nspr-5   WARNING [COM]: aRC=NS_ERROR_FAILURE (0x80004005) aIID={e54f6256-97a7-4947-8a78-10c013ddf4b8} aComponent={HostWrap} aText={VirtualBox is not currently allowed to access USB devices.  You can change this by adding your user to the 'vboxusers' group.  Please see the user manual for a more detailed explanation}, preserve=true aResultDetail=0
00:00:03.176881 nspr-5   WARNING [COM]: aRC=NS_ERROR_FAILURE (0x80004005) aIID={e54f6256-97a7-4947-8a78-10c013ddf4b8} aComponent={HostWrap} aText={VirtualBox is not currently allowed to access USB devices.  You can change this by adding your user to the 'vboxusers' group.  Please see the user manual for a more detailed explanation}, preserve=true aResultDetail=0
00:00:03.643510 Watcher  ERROR [COM]: aRC=NS_ERROR_FAILURE (0x80004005) aIID={300763af-5d6b-46e6-aa96-273eac15538a} aComponent={MachineWrap} aText={The virtual machine 'kali-linux-2023.1-virtualbox-amd64' has terminated unexpectedly during startup with exit code 1 (0x1)}, preserve=false aResultDetail=0
00:00:03.696223 nspr-3   ERROR [COM]: aRC=VBOX_E_INVALID_VM_STATE (0x80bb0002) aIID={300763af-5d6b-46e6-aa96-273eac15538a} aComponent={MachineWrap} aText={The machine is not mutable (state is PoweredOff)}, preserve=false aResultDetail=0
00:00:03.696722 nspr-2   Failed to open "/dev/vboxdrvu", errno=2, rc=VERR_VM_DRIVER_NOT_INSTALLED
00:00:03.704574 nspr-3   WARNING [COM]: aRC=NS_ERROR_FAILURE (0x80004005) aIID={e54f6256-97a7-4947-8a78-10c013ddf4b8} aComponent={HostWrap} aText={VirtualBox is not currently allowed to access USB devices.  You can change this by adding your user to the 'vboxusers' group.  Please see the user manual for a more detailed explanation}, preserve=true aResultDetail=0
00:00:03.704879 nspr-3   WARNING [COM]: aRC=NS_ERROR_FAILURE (0x80004005) aIID={e54f6256-97a7-4947-8a78-10c013ddf4b8} aComponent={HostWrap} aText={VirtualBox is not currently allowed to access USB devices.  You can change this by adding your user to the 'vboxusers' group.  Please see the user manual for a more detailed explanation}, preserve=true aResultDetail=0
00:00:09.328462 nspr-4   Saving settings file "/home/space/.config/VirtualBox/VirtualBox.xml" with version "1.12-linux"
00:00:09.331349 nspr-4   Finished saving settings file "/home/space/.config/VirtualBox/VirtualBox.xml"
00:00:27.688107 nspr-2   Launched VM: 335972496 pid: 2933 (0xb75) frontend: GUI/Qt name: kali-linux-2023.1-virtualbox-amd64
00:00:27.704278 nspr-2   ERROR [COM]: aRC=VBOX_E_INVALID_VM_STATE (0x80bb0002) aIID={300763af-5d6b-46e6-aa96-273eac15538a} aComponent={MachineWrap} aText={The machine is not mutable (state is PoweredOff)}, preserve=false aResultDetail=0
00:00:27.721147 nspr-2   WARNING [COM]: aRC=NS_ERROR_FAILURE (0x80004005) aIID={e54f6256-97a7-4947-8a78-10c013ddf4b8} aComponent={HostWrap} aText={VirtualBox is not currently allowed to access USB devices.  You can change this by adding your user to the 'vboxusers' group.  Please see the user manual for a more detailed explanation}, preserve=true aResultDetail=0
00:00:27.721481 nspr-2   WARNING [COM]: aRC=NS_ERROR_FAILURE (0x80004005) aIID={e54f6256-97a7-4947-8a78-10c013ddf4b8} aComponent={HostWrap} aText={VirtualBox is not currently allowed to access USB devices.  You can change this by adding your user to the 'vboxusers' group.  Please see the user manual for a more detailed explanation}, preserve=true aResultDetail=0
00:00:27.858701 nspr-5   ERROR [COM]: aRC=VBOX_E_INVALID_VM_STATE (0x80bb0002) aIID={300763af-5d6b-46e6-aa96-273eac15538a} aComponent={MachineWrap} aText={The machine is not mutable (state is PoweredOff)}, preserve=false aResultDetail=0
00:00:27.866622 nspr-6   WARNING [COM]: aRC=NS_ERROR_FAILURE (0x80004005) aIID={e54f6256-97a7-4947-8a78-10c013ddf4b8} aComponent={HostWrap} aText={VirtualBox is not currently allowed to access USB devices.  You can change this by adding your user to the 'vboxusers' group.  Please see the user manual for a more detailed explanation}, preserve=true aResultDetail=0
00:00:27.867048 nspr-6   WARNING [COM]: aRC=NS_ERROR_FAILURE (0x80004005) aIID={e54f6256-97a7-4947-8a78-10c013ddf4b8} aComponent={HostWrap} aText={VirtualBox is not currently allowed to access USB devices.  You can change this by adding your user to the 'vboxusers' group.  Please see the user manual for a more detailed explanation}, preserve=true aResultDetail=0
00:00:28.101820 nspr-3   Saving settings file "/home/space/.config/VirtualBox/VirtualBox.xml" with version "1.12-linux"
00:00:28.103919 nspr-3   Finished saving settings file "/home/space/.config/VirtualBox/VirtualBox.xml"
00:00:28.116747 nspr-2   WARNING [COM]: aRC=NS_ERROR_FAILURE (0x80004005) aIID={e54f6256-97a7-4947-8a78-10c013ddf4b8} aComponent={HostWrap} aText={VirtualBox is not currently allowed to access USB devices.  You can change this by adding your user to the 'vboxusers' group.  Please see the user manual for a more detailed explanation}, preserve=true aResultDetail=0
00:00:28.117018 nspr-6   WARNING [COM]: aRC=NS_ERROR_FAILURE (0x80004005) aIID={e54f6256-97a7-4947-8a78-10c013ddf4b8} aComponent={HostWrap} aText={VirtualBox is not currently allowed to access USB devices.  You can change this by adding your user to the 'vboxusers' group.  Please see the user manual for a more detailed explanation}, preserve=true aResultDetail=0
00:00:28.117119 nspr-6   ERROR [COM]: aRC=VBOX_E_OBJECT_NOT_FOUND (0x80bb0001) aIID={70401eef-c8e9-466b-9660-45cb3e9979e4} aComponent={ExtPackManagerWrap} aText={No extension pack by the name 'Oracle VM VirtualBox Extension Pack' was found}, preserve=false aResultDetail=0
00:00:28.139629 nspr-2   WARNING [COM]: aRC=NS_ERROR_FAILURE (0x80004005) aIID={e54f6256-97a7-4947-8a78-10c013ddf4b8} aComponent={HostWrap} aText={VirtualBox is not currently allowed to access USB devices.  You can change this by adding your user to the 'vboxusers' group.  Please see the user manual for a more detailed explanation}, preserve=true aResultDetail=0
00:00:28.139897 nspr-6   WARNING [COM]: aRC=NS_ERROR_FAILURE (0x80004005) aIID={e54f6256-97a7-4947-8a78-10c013ddf4b8} aComponent={HostWrap} aText={VirtualBox is not currently allowed to access USB devices.  You can change this by adding your user to the 'vboxusers' group.  Please see the user manual for a more detailed explanation}, preserve=true aResultDetail=0
00:00:28.147323 nspr-6   ERROR [COM]: aRC=VBOX_E_IPRT_ERROR (0x80bb0005) aIID={300763af-5d6b-46e6-aa96-273eac15538a} aComponent={SessionMachine} aText={Saved screenshot data is not available (VERR_NOT_SUPPORTED)}, preserve=false aResultDetail=-37
00:00:28.161496 nspr-6   NetIfAdpCtlOut: VBoxNetAdpCtl: Error while retrieving link speed for wlp0s20f3: VBoxNetAdpCtl: ioctl failed: Operation not supported
00:00:28.163815 nspr-6   WARNING [COM]: aRC=NS_ERROR_FAILURE (0x80004005) aIID={e54f6256-97a7-4947-8a78-10c013ddf4b8} aComponent={HostWrap} aText={VirtualBox is not currently allowed to access USB devices.  You can change this by adding your user to the 'vboxusers' group.  Please see the user manual for a more detailed explanation}, preserve=false aResultDetail=0
00:00:28.164103 nspr-2   WARNING [COM]: aRC=NS_ERROR_FAILURE (0x80004005) aIID={e54f6256-97a7-4947-8a78-10c013ddf4b8} aComponent={HostWrap} aText={VirtualBox is not currently allowed to access USB devices.  You can change this by adding your user to the 'vboxusers' group.  Please see the user manual for a more detailed explanation}, preserve=true aResultDetail=0
00:00:28.164162 nspr-2   WARNING [COM]: aRC=NS_ERROR_FAILURE (0x80004005) aIID={e54f6256-97a7-4947-8a78-10c013ddf4b8} aComponent={HostWrap} aText={VirtualBox is not currently allowed to access USB devices.  You can change this by adding your user to the 'vboxusers' group.  Please see the user manual for a more detailed explanation}, preserve=true aResultDetail=0
00:00:28.183253 nspr-7   WARNING [COM]: aRC=NS_ERROR_FAILURE (0x80004005) aIID={e54f6256-97a7-4947-8a78-10c013ddf4b8} aComponent={HostWrap} aText={VirtualBox is not currently allowed to access USB devices.  You can change this by adding your user to the 'vboxusers' group.  Please see the user manual for a more detailed explanation}, preserve=true aResultDetail=0
00:00:28.228632 nspr-8   ERROR [COM]: aRC=VBOX_E_INVALID_VM_STATE (0x80bb0002) aIID={300763af-5d6b-46e6-aa96-273eac15538a} aComponent={MachineWrap} aText={The machine is not mutable (state is Starting)}, preserve=false aResultDetail=0
00:00:28.258241 nspr-8   WARNING [COM]: aRC=NS_ERROR_FAILURE (0x80004005) aIID={e54f6256-97a7-4947-8a78-10c013ddf4b8} aComponent={HostWrap} aText={VirtualBox is not currently allowed to access USB devices.  You can change this by adding your user to the 'vboxusers' group.  Please see the user manual for a more detailed explanation}, preserve=true aResultDetail=0
00:00:28.258834 nspr-8   WARNING [COM]: aRC=NS_ERROR_FAILURE (0x80004005) aIID={e54f6256-97a7-4947-8a78-10c013ddf4b8} aComponent={HostWrap} aText={VirtualBox is not currently allowed to access USB devices.  You can change this by adding your user to the 'vboxusers' group.  Please see the user manual for a more detailed explanation}, preserve=true aResultDetail=0
00:00:28.544950 nspr-7   ERROR [COM]: aRC=VBOX_E_INVALID_VM_STATE (0x80bb0002) aIID={300763af-5d6b-46e6-aa96-273eac15538a} aComponent={SessionMachine} aText={The machine is not mutable or saved (state is Starting)}, preserve=false aResultDetail=0
00:00:28.548797 nspr-7   Saving settings file "/home/space/Documents/ISO/kali-linux-2023.1-virtualbox-amd64/kali-linux-2023.1-virtualbox-amd64.vbox" with version "1.19-linux"
00:00:28.559797 nspr-7   Finished saving settings file "/home/space/Documents/ISO/kali-linux-2023.1-virtualbox-amd64/kali-linux-2023.1-virtualbox-amd64.vbox"
00:00:28.579424 nspr-6   ERROR [COM]: aRC=VBOX_E_INVALID_VM_STATE (0x80bb0002) aIID={300763af-5d6b-46e6-aa96-273eac15538a} aComponent={MachineWrap} aText={The machine is not mutable (state is Starting)}, preserve=false aResultDetail=0
00:00:28.591186 nspr-8   WARNING [COM]: aRC=NS_ERROR_FAILURE (0x80004005) aIID={e54f6256-97a7-4947-8a78-10c013ddf4b8} aComponent={HostWrap} aText={VirtualBox is not currently allowed to access USB devices.  You can change this by adding your user to the 'vboxusers' group.  Please see the user manual for a more detailed explanation}, preserve=true aResultDetail=0
00:00:28.591778 nspr-8   WARNING [COM]: aRC=NS_ERROR_FAILURE (0x80004005) aIID={e54f6256-97a7-4947-8a78-10c013ddf4b8} aComponent={HostWrap} aText={VirtualBox is not currently allowed to access USB devices.  You can change this by adding your user to the 'vboxusers' group.  Please see the user manual for a more detailed explanation}, preserve=true aResultDetail=0
00:00:28.598330 nspr-6   Saving settings file "/home/space/.config/VirtualBox/VirtualBox.xml" with version "1.12-linux"
00:00:28.599812 nspr-6   Finished saving settings file "/home/space/.config/VirtualBox/VirtualBox.xml"
00:00:29.266533 nspr-3   ERROR [COM]: aRC=VBOX_E_INVALID_VM_STATE (0x80bb0002) aIID={300763af-5d6b-46e6-aa96-273eac15538a} aComponent={SessionMachine} aText={The machine is not mutable or saved (state is Starting)}, preserve=false aResultDetail=0
00:00:29.270266 nspr-3   Saving settings file "/home/space/Documents/ISO/kali-linux-2023.1-virtualbox-amd64/kali-linux-2023.1-virtualbox-amd64.vbox" with version "1.19-linux"
00:00:29.281400 nspr-3   Finished saving settings file "/home/space/Documents/ISO/kali-linux-2023.1-virtualbox-amd64/kali-linux-2023.1-virtualbox-amd64.vbox"
00:00:29.299202 nspr-8   ERROR [COM]: aRC=VBOX_E_INVALID_VM_STATE (0x80bb0002) aIID={300763af-5d6b-46e6-aa96-273eac15538a} aComponent={MachineWrap} aText={The machine is not mutable (state is Starting)}, preserve=false aResultDetail=0
00:00:29.312653 nspr-4   WARNING [COM]: aRC=NS_ERROR_FAILURE (0x80004005) aIID={e54f6256-97a7-4947-8a78-10c013ddf4b8} aComponent={HostWrap} aText={VirtualBox is not currently allowed to access USB devices.  You can change this by adding your user to the 'vboxusers' group.  Please see the user manual for a more detailed explanation}, preserve=true aResultDetail=0
00:00:29.313597 nspr-4   WARNING [COM]: aRC=NS_ERROR_FAILURE (0x80004005) aIID={e54f6256-97a7-4947-8a78-10c013ddf4b8} aComponent={HostWrap} aText={VirtualBox is not currently allowed to access USB devices.  You can change this by adding your user to the 'vboxusers' group.  Please see the user manual for a more detailed explanation}, preserve=true aResultDetail=0
00:01:07.426951 nspr-8   Saving settings file "/home/space/.config/VirtualBox/VirtualBox.xml" with version "1.12-linux"
00:01:07.427704 nspr-6   ERROR [COM]: aRC=VBOX_E_INVALID_VM_STATE (0x80bb0002) aIID={300763af-5d6b-46e6-aa96-273eac15538a} aComponent={SessionMachine} aText={The machine is not mutable or saved (state is Starting)}, preserve=false aResultDetail=0
00:01:07.430425 nspr-6   Saving settings file "/home/space/Documents/ISO/kali-linux-2023.1-virtualbox-amd64/kali-linux-2023.1-virtualbox-amd64.vbox" with version "1.19-linux"
00:01:07.438808 nspr-8   Finished saving settings file "/home/space/.config/VirtualBox/VirtualBox.xml"
00:01:07.438835 nspr-6   Finished saving settings file "/home/space/Documents/ISO/kali-linux-2023.1-virtualbox-amd64/kali-linux-2023.1-virtualbox-amd64.vbox"
00:01:07.458373 nspr-5   ERROR [COM]: aRC=VBOX_E_INVALID_VM_STATE (0x80bb0002) aIID={300763af-5d6b-46e6-aa96-273eac15538a} aComponent={MachineWrap} aText={The machine is not mutable (state is Starting)}, preserve=false aResultDetail=0
00:01:07.468582 nspr-7   WARNING [COM]: aRC=NS_ERROR_FAILURE (0x80004005) aIID={e54f6256-97a7-4947-8a78-10c013ddf4b8} aComponent={HostWrap} aText={VirtualBox is not currently allowed to access USB devices.  You can change this by adding your user to the 'vboxusers' group.  Please see the user manual for a more detailed explanation}, preserve=true aResultDetail=0
00:01:07.469023 nspr-7   WARNING [COM]: aRC=NS_ERROR_FAILURE (0x80004005) aIID={e54f6256-97a7-4947-8a78-10c013ddf4b8} aComponent={HostWrap} aText={VirtualBox is not currently allowed to access USB devices.  You can change this by adding your user to the 'vboxusers' group.  Please see the user manual for a more detailed explanation}, preserve=true aResultDetail=0
00:01:10.731344 nspr-4   Saving settings file "/home/space/.config/VirtualBox/VirtualBox.xml" with version "1.12-linux"
00:01:10.732215 nspr-5   ERROR [COM]: aRC=VBOX_E_INVALID_VM_STATE (0x80bb0002) aIID={300763af-5d6b-46e6-aa96-273eac15538a} aComponent={SessionMachine} aText={The machine is not mutable or saved (state is Starting)}, preserve=false aResultDetail=0
00:01:10.735046 nspr-5   Saving settings file "/home/space/Documents/ISO/kali-linux-2023.1-virtualbox-amd64/kali-linux-2023.1-virtualbox-amd64.vbox" with version "1.19-linux"
00:01:10.743096 nspr-5   Finished saving settings file "/home/space/Documents/ISO/kali-linux-2023.1-virtualbox-amd64/kali-linux-2023.1-virtualbox-amd64.vbox"
00:01:10.743177 nspr-4   Finished saving settings file "/home/space/.config/VirtualBox/VirtualBox.xml"
00:01:10.763711 nspr-2   ERROR [COM]: aRC=VBOX_E_INVALID_VM_STATE (0x80bb0002) aIID={300763af-5d6b-46e6-aa96-273eac15538a} aComponent={MachineWrap} aText={The machine is not mutable (state is Starting)}, preserve=false aResultDetail=0
00:01:10.777053 nspr-4   WARNING [COM]: aRC=NS_ERROR_FAILURE (0x80004005) aIID={e54f6256-97a7-4947-8a78-10c013ddf4b8} aComponent={HostWrap} aText={VirtualBox is not currently allowed to access USB devices.  You can change this by adding your user to the 'vboxusers' group.  Please see the user manual for a more detailed explanation}, preserve=true aResultDetail=0
00:01:10.777779 nspr-4   WARNING [COM]: aRC=NS_ERROR_FAILURE (0x80004005) aIID={e54f6256-97a7-4947-8a78-10c013ddf4b8} aComponent={HostWrap} aText={VirtualBox is not currently allowed to access USB devices.  You can change this by adding your user to the 'vboxusers' group.  Please see the user manual for a more detailed explanation}, preserve=true aResultDetail=0
00:01:11.726056 nspr-6   Saving settings file "/home/space/.config/VirtualBox/VirtualBox.xml" with version "1.12-linux"
00:01:11.726677 nspr-2   ERROR [COM]: aRC=VBOX_E_INVALID_VM_STATE (0x80bb0002) aIID={300763af-5d6b-46e6-aa96-273eac15538a} aComponent={SessionMachine} aText={The machine is not mutable or saved (state is Starting)}, preserve=false aResultDetail=0
00:01:11.729711 nspr-2   Saving settings file "/home/space/Documents/ISO/kali-linux-2023.1-virtualbox-amd64/kali-linux-2023.1-virtualbox-amd64.vbox" with version "1.19-linux"
00:01:11.735937 nspr-2   Finished saving settings file "/home/space/Documents/ISO/kali-linux-2023.1-virtualbox-amd64/kali-linux-2023.1-virtualbox-amd64.vbox"
00:01:11.736534 nspr-6   Finished saving settings file "/home/space/.config/VirtualBox/VirtualBox.xml"
00:01:11.753287 nspr-5   ERROR [COM]: aRC=VBOX_E_INVALID_VM_STATE (0x80bb0002) aIID={300763af-5d6b-46e6-aa96-273eac15538a} aComponent={MachineWrap} aText={The machine is not mutable (state is Starting)}, preserve=false aResultDetail=0
00:01:11.765239 nspr-3   WARNING [COM]: aRC=NS_ERROR_FAILURE (0x80004005) aIID={e54f6256-97a7-4947-8a78-10c013ddf4b8} aComponent={HostWrap} aText={VirtualBox is not currently allowed to access USB devices.  You can change this by adding your user to the 'vboxusers' group.  Please see the user manual for a more detailed explanation}, preserve=true aResultDetail=0
00:01:11.765869 nspr-3   WARNING [COM]: aRC=NS_ERROR_FAILURE (0x80004005) aIID={e54f6256-97a7-4947-8a78-10c013ddf4b8} aComponent={HostWrap} aText={VirtualBox is not currently allowed to access USB devices.  You can change this by adding your user to the 'vboxusers' group.  Please see the user manual for a more detailed explanation}, preserve=true aResultDetail=0
00:01:12.705728 nspr-4   ERROR [COM]: aRC=VBOX_E_INVALID_VM_STATE (0x80bb0002) aIID={300763af-5d6b-46e6-aa96-273eac15538a} aComponent={SessionMachine} aText={The machine is not mutable or saved (state is Starting)}, preserve=false aResultDetail=0
00:01:12.709390 nspr-4   Saving settings file "/home/space/Documents/ISO/kali-linux-2023.1-virtualbox-amd64/kali-linux-2023.1-virtualbox-amd64.vbox" with version "1.19-linux"
00:01:12.721147 nspr-4   Finished saving settings file "/home/space/Documents/ISO/kali-linux-2023.1-virtualbox-amd64/kali-linux-2023.1-virtualbox-amd64.vbox"
00:01:12.726093 nspr-4   Saving settings file "/home/space/.config/VirtualBox/VirtualBox.xml" with version "1.12-linux"
00:01:12.728273 nspr-4   Finished saving settings file "/home/space/.config/VirtualBox/VirtualBox.xml"
00:01:12.745539 nspr-2   ERROR [COM]: aRC=VBOX_E_INVALID_VM_STATE (0x80bb0002) aIID={300763af-5d6b-46e6-aa96-273eac15538a} aComponent={MachineWrap} aText={The machine is not mutable (state is Starting)}, preserve=false aResultDetail=0
00:01:12.760004 nspr-6   WARNING [COM]: aRC=NS_ERROR_FAILURE (0x80004005) aIID={e54f6256-97a7-4947-8a78-10c013ddf4b8} aComponent={HostWrap} aText={VirtualBox is not currently allowed to access USB devices.  You can change this by adding your user to the 'vboxusers' group.  Please see the user manual for a more detailed explanation}, preserve=true aResultDetail=0
00:01:12.760480 nspr-6   WARNING [COM]: aRC=NS_ERROR_FAILURE (0x80004005) aIID={e54f6256-97a7-4947-8a78-10c013ddf4b8} aComponent={HostWrap} aText={VirtualBox is not currently allowed to access USB devices.  You can change this by adding your user to the 'vboxusers' group.  Please see the user manual for a more detailed explanation}, preserve=true aResultDetail=0
00:01:14.005988 nspr-6   ERROR [COM]: aRC=VBOX_E_INVALID_VM_STATE (0x80bb0002) aIID={300763af-5d6b-46e6-aa96-273eac15538a} aComponent={SessionMachine} aText={The machine is not mutable or saved (state is Starting)}, preserve=false aResultDetail=0
00:01:14.011276 nspr-6   Saving settings file "/home/space/Documents/ISO/kali-linux-2023.1-virtualbox-amd64/kali-linux-2023.1-virtualbox-amd64.vbox" with version "1.19-linux"
00:01:14.023084 nspr-6   Finished saving settings file "/home/space/Documents/ISO/kali-linux-2023.1-virtualbox-amd64/kali-linux-2023.1-virtualbox-amd64.vbox"
00:01:14.043385 nspr-3   ERROR [COM]: aRC=VBOX_E_INVALID_VM_STATE (0x80bb0002) aIID={300763af-5d6b-46e6-aa96-273eac15538a} aComponent={MachineWrap} aText={The machine is not mutable (state is Starting)}, preserve=false aResultDetail=0
00:01:14.050053 nspr-2   WARNING [COM]: aRC=NS_ERROR_FAILURE (0x80004005) aIID={e54f6256-97a7-4947-8a78-10c013ddf4b8} aComponent={HostWrap} aText={VirtualBox is not currently allowed to access USB devices.  You can change this by adding your user to the 'vboxusers' group.  Please see the user manual for a more detailed explanation}, preserve=true aResultDetail=0
00:01:14.050390 nspr-2   WARNING [COM]: aRC=NS_ERROR_FAILURE (0x80004005) aIID={e54f6256-97a7-4947-8a78-10c013ddf4b8} aComponent={HostWrap} aText={VirtualBox is not currently allowed to access USB devices.  You can change this by adding your user to the 'vboxusers' group.  Please see the user manual for a more detailed explanation}, preserve=true aResultDetail=0
00:01:15.227567 nspr-4   Saving settings file "/home/space/.config/VirtualBox/VirtualBox.xml" with version "1.12-linux"
00:01:15.228608 nspr-5   ERROR [COM]: aRC=VBOX_E_INVALID_VM_STATE (0x80bb0002) aIID={300763af-5d6b-46e6-aa96-273eac15538a} aComponent={SessionMachine} aText={The machine is not mutable or saved (state is Starting)}, preserve=false aResultDetail=0
00:01:15.232047 nspr-5   Saving settings file "/home/space/Documents/ISO/kali-linux-2023.1-virtualbox-amd64/kali-linux-2023.1-virtualbox-amd64.vbox" with version "1.19-linux"
00:01:15.239094 nspr-4   Finished saving settings file "/home/space/.config/VirtualBox/VirtualBox.xml"
00:01:15.239233 nspr-5   Finished saving settings file "/home/space/Documents/ISO/kali-linux-2023.1-virtualbox-amd64/kali-linux-2023.1-virtualbox-amd64.vbox"
00:01:15.258205 nspr-6   ERROR [COM]: aRC=VBOX_E_INVALID_VM_STATE (0x80bb0002) aIID={300763af-5d6b-46e6-aa96-273eac15538a} aComponent={MachineWrap} aText={The machine is not mutable (state is Starting)}, preserve=false aResultDetail=0
00:01:15.271079 nspr-4   WARNING [COM]: aRC=NS_ERROR_FAILURE (0x80004005) aIID={e54f6256-97a7-4947-8a78-10c013ddf4b8} aComponent={HostWrap} aText={VirtualBox is not currently allowed to access USB devices.  You can change this by adding your user to the 'vboxusers' group.  Please see the user manual for a more detailed explanation}, preserve=true aResultDetail=0
00:01:15.272113 nspr-4   WARNING [COM]: aRC=NS_ERROR_FAILURE (0x80004005) aIID={e54f6256-97a7-4947-8a78-10c013ddf4b8} aComponent={HostWrap} aText={VirtualBox is not currently allowed to access USB devices.  You can change this by adding your user to the 'vboxusers' group.  Please see the user manual for a more detailed explanation}, preserve=true aResultDetail=0
00:01:16.927976 nspr-7   ERROR [COM]: aRC=VBOX_E_INVALID_VM_STATE (0x80bb0002) aIID={300763af-5d6b-46e6-aa96-273eac15538a} aComponent={SessionMachine} aText={The machine is not mutable or saved (state is Starting)}, preserve=false aResultDetail=0
00:01:16.932573 nspr-7   Saving settings file "/home/space/Documents/ISO/kali-linux-2023.1-virtualbox-amd64/kali-linux-2023.1-virtualbox-amd64.vbox" with version "1.19-linux"
00:01:16.944412 nspr-7   Finished saving settings file "/home/space/Documents/ISO/kali-linux-2023.1-virtualbox-amd64/kali-linux-2023.1-virtualbox-amd64.vbox"
00:01:16.965421 nspr-2   ERROR [COM]: aRC=VBOX_E_INVALID_VM_STATE (0x80bb0002) aIID={300763af-5d6b-46e6-aa96-273eac15538a} aComponent={MachineWrap} aText={The machine is not mutable (state is Starting)}, preserve=false aResultDetail=0
00:01:16.979573 nspr-5   WARNING [COM]: aRC=NS_ERROR_FAILURE (0x80004005) aIID={e54f6256-97a7-4947-8a78-10c013ddf4b8} aComponent={HostWrap} aText={VirtualBox is not currently allowed to access USB devices.  You can change this by adding your user to the 'vboxusers' group.  Please see the user manual for a more detailed explanation}, preserve=true aResultDetail=0
00:01:16.980601 nspr-5   WARNING [COM]: aRC=NS_ERROR_FAILURE (0x80004005) aIID={e54f6256-97a7-4947-8a78-10c013ddf4b8} aComponent={HostWrap} aText={VirtualBox is not currently allowed to access USB devices.  You can change this by adding your user to the 'vboxusers' group.  Please see the user manual for a more detailed explanation}, preserve=true aResultDetail=0
00:01:17.837740 nspr-6   ERROR [COM]: aRC=VBOX_E_INVALID_VM_STATE (0x80bb0002) aIID={300763af-5d6b-46e6-aa96-273eac15538a} aComponent={SessionMachine} aText={The machine is not mutable or saved (state is Starting)}, preserve=false aResultDetail=0
00:01:17.837866 nspr-4   Saving settings file "/home/space/.config/VirtualBox/VirtualBox.xml" with version "1.12-linux"
00:01:17.839201 nspr-6   Saving settings file "/home/space/Documents/ISO/kali-linux-2023.1-virtualbox-amd64/kali-linux-2023.1-virtualbox-amd64.vbox" with version "1.19-linux"
00:01:17.848405 nspr-4   Finished saving settings file "/home/space/.config/VirtualBox/VirtualBox.xml"
00:01:17.848871 nspr-6   Finished saving settings file "/home/space/Documents/ISO/kali-linux-2023.1-virtualbox-amd64/kali-linux-2023.1-virtualbox-amd64.vbox"
00:01:17.870444 nspr-5   ERROR [COM]: aRC=VBOX_E_INVALID_VM_STATE (0x80bb0002) aIID={300763af-5d6b-46e6-aa96-273eac15538a} aComponent={MachineWrap} aText={The machine is not mutable (state is Starting)}, preserve=false aResultDetail=0
00:01:17.885446 nspr-2   WARNING [COM]: aRC=NS_ERROR_FAILURE (0x80004005) aIID={e54f6256-97a7-4947-8a78-10c013ddf4b8} aComponent={HostWrap} aText={VirtualBox is not currently allowed to access USB devices.  You can change this by adding your user to the 'vboxusers' group.  Please see the user manual for a more detailed explanation}, preserve=true aResultDetail=0
00:01:17.886246 nspr-2   WARNING [COM]: aRC=NS_ERROR_FAILURE (0x80004005) aIID={e54f6256-97a7-4947-8a78-10c013ddf4b8} aComponent={HostWrap} aText={VirtualBox is not currently allowed to access USB devices.  You can change this by adding your user to the 'vboxusers' group.  Please see the user manual for a more detailed explanation}, preserve=true aResultDetail=0
00:01:17.999066 nspr-5   Saving settings file "/home/space/.config/VirtualBox/VirtualBox.xml" with version "1.12-linux"
00:01:18.011297 nspr-5   Finished saving settings file "/home/space/.config/VirtualBox/VirtualBox.xml"
00:01:18.635929 nspr-3   Saving settings file "/home/space/.config/VirtualBox/VirtualBox.xml" with version "1.12-linux"
00:01:18.646413 nspr-3   Finished saving settings file "/home/space/.config/VirtualBox/VirtualBox.xml"
00:01:19.803085 nspr-4   ERROR [COM]: aRC=VBOX_E_INVALID_VM_STATE (0x80bb0002) aIID={300763af-5d6b-46e6-aa96-273eac15538a} aComponent={SessionMachine} aText={The machine is not mutable or saved (state is Starting)}, preserve=false aResultDetail=0
00:01:19.806456 nspr-8   Saving settings file "/home/space/Documents/ISO/kali-linux-2023.1-virtualbox-amd64/kali-linux-2023.1-virtualbox-amd64.vbox" with version "1.19-linux"
00:01:19.817005 nspr-8   Finished saving settings file "/home/space/Documents/ISO/kali-linux-2023.1-virtualbox-amd64/kali-linux-2023.1-virtualbox-amd64.vbox"
00:01:19.820912 nspr-7   Saving settings file "/home/space/.config/VirtualBox/VirtualBox.xml" with version "1.12-linux"
00:01:19.822994 nspr-7   Finished saving settings file "/home/space/.config/VirtualBox/VirtualBox.xml"
00:01:19.836836 nspr-6   ERROR [COM]: aRC=VBOX_E_INVALID_VM_STATE (0x80bb0002) aIID={300763af-5d6b-46e6-aa96-273eac15538a} aComponent={MachineWrap} aText={The machine is not mutable (state is Starting)}, preserve=false aResultDetail=0
00:01:19.848791 nspr-2   WARNING [COM]: aRC=NS_ERROR_FAILURE (0x80004005) aIID={e54f6256-97a7-4947-8a78-10c013ddf4b8} aComponent={HostWrap} aText={VirtualBox is not currently allowed to access USB devices.  You can change this by adding your user to the 'vboxusers' group.  Please see the user manual for a more detailed explanation}, preserve=true aResultDetail=0
00:01:19.849769 nspr-2   WARNING [COM]: aRC=NS_ERROR_FAILURE (0x80004005) aIID={e54f6256-97a7-4947-8a78-10c013ddf4b8} aComponent={HostWrap} aText={VirtualBox is not currently allowed to access USB devices.  You can change this by adding your user to the 'vboxusers' group.  Please see the user manual for a more detailed explanation}, preserve=true aResultDetail=0
00:01:20.524957 nspr-8   ERROR [COM]: aRC=VBOX_E_INVALID_VM_STATE (0x80bb0002) aIID={300763af-5d6b-46e6-aa96-273eac15538a} aComponent={SessionMachine} aText={The machine is not mutable or saved (state is Starting)}, preserve=false aResultDetail=0
00:01:20.525098 nspr-7   Saving settings file "/home/space/.config/VirtualBox/VirtualBox.xml" with version "1.12-linux"
00:01:20.528093 nspr-3   Saving settings file "/home/space/Documents/ISO/kali-linux-2023.1-virtualbox-amd64/kali-linux-2023.1-virtualbox-amd64.vbox" with version "1.19-linux"
00:01:20.534985 nspr-3   Finished saving settings file "/home/space/Documents/ISO/kali-linux-2023.1-virtualbox-amd64/kali-linux-2023.1-virtualbox-amd64.vbox"
00:01:20.535011 nspr-7   Finished saving settings file "/home/space/.config/VirtualBox/VirtualBox.xml"
00:01:20.552821 nspr-7   ERROR [COM]: aRC=VBOX_E_INVALID_VM_STATE (0x80bb0002) aIID={300763af-5d6b-46e6-aa96-273eac15538a} aComponent={MachineWrap} aText={The machine is not mutable (state is Starting)}, preserve=false aResultDetail=0
00:01:20.563216 nspr-8   WARNING [COM]: aRC=NS_ERROR_FAILURE (0x80004005) aIID={e54f6256-97a7-4947-8a78-10c013ddf4b8} aComponent={HostWrap} aText={VirtualBox is not currently allowed to access USB devices.  You can change this by adding your user to the 'vboxusers' group.  Please see the user manual for a more detailed explanation}, preserve=true aResultDetail=0
00:01:20.563880 nspr-8   WARNING [COM]: aRC=NS_ERROR_FAILURE (0x80004005) aIID={e54f6256-97a7-4947-8a78-10c013ddf4b8} aComponent={HostWrap} aText={VirtualBox is not currently allowed to access USB devices.  You can change this by adding your user to the 'vboxusers' group.  Please see the user manual for a more detailed explanation}, preserve=true aResultDetail=0
00:01:22.409945 nspr-5   ERROR [COM]: aRC=VBOX_E_INVALID_VM_STATE (0x80bb0002) aIID={300763af-5d6b-46e6-aa96-273eac15538a} aComponent={SessionMachine} aText={The machine is not mutable or saved (state is Starting)}, preserve=false aResultDetail=0
00:01:22.410207 nspr-4   Saving settings file "/home/space/.config/VirtualBox/VirtualBox.xml" with version "1.12-linux"
00:01:22.412604 nspr-2   Saving settings file "/home/space/Documents/ISO/kali-linux-2023.1-virtualbox-amd64/kali-linux-2023.1-virtualbox-amd64.vbox" with version "1.19-linux"
00:01:22.420691 nspr-4   Finished saving settings file "/home/space/.config/VirtualBox/VirtualBox.xml"
00:01:22.420715 nspr-2   Finished saving settings file "/home/space/Documents/ISO/kali-linux-2023.1-virtualbox-amd64/kali-linux-2023.1-virtualbox-amd64.vbox"
00:01:22.439084 nspr-7   ERROR [COM]: aRC=VBOX_E_INVALID_VM_STATE (0x80bb0002) aIID={300763af-5d6b-46e6-aa96-273eac15538a} aComponent={MachineWrap} aText={The machine is not mutable (state is Starting)}, preserve=false aResultDetail=0
00:01:22.451006 nspr-2   WARNING [COM]: aRC=NS_ERROR_FAILURE (0x80004005) aIID={e54f6256-97a7-4947-8a78-10c013ddf4b8} aComponent={HostWrap} aText={VirtualBox is not currently allowed to access USB devices.  You can change this by adding your user to the 'vboxusers' group.  Please see the user manual for a more detailed explanation}, preserve=true aResultDetail=0
00:01:22.451910 nspr-2   WARNING [COM]: aRC=NS_ERROR_FAILURE (0x80004005) aIID={e54f6256-97a7-4947-8a78-10c013ddf4b8} aComponent={HostWrap} aText={VirtualBox is not currently allowed to access USB devices.  You can change this by adding your user to the 'vboxusers' group.  Please see the user manual for a more detailed explanation}, preserve=true aResultDetail=0
00:01:24.912366 nspr-8   Saving settings file "/home/space/.config/VirtualBox/VirtualBox.xml" with version "1.12-linux"
00:01:24.924815 nspr-8   Finished saving settings file "/home/space/.config/VirtualBox/VirtualBox.xml"
00:01:25.853994 nspr-2   Saving settings file "/home/space/.config/VirtualBox/VirtualBox.xml" with version "1.12-linux"
00:01:25.865121 nspr-2   Finished saving settings file "/home/space/.config/VirtualBox/VirtualBox.xml"
00:01:28.508828 nspr-8   Saving settings file "/home/space/.config/VirtualBox/VirtualBox.xml" with version "1.12-linux"
00:01:28.521347 nspr-8   Finished saving settings file "/home/space/.config/VirtualBox/VirtualBox.xml"
00:01:30.613099 nspr-4   Saving settings file "/home/space/.config/VirtualBox/VirtualBox.xml" with version "1.12-linux"
00:01:30.625084 nspr-4   Finished saving settings file "/home/space/.config/VirtualBox/VirtualBox.xml"
00:01:32.734008 nspr-8   ERROR [COM]: aRC=VBOX_E_INVALID_VM_STATE (0x80bb0002) aIID={300763af-5d6b-46e6-aa96-273eac15538a} aComponent={SessionMachine} aText={The machine is not mutable or saved (state is Starting)}, preserve=false aResultDetail=0
00:01:32.737868 nspr-8   Saving settings file "/home/space/Documents/ISO/kali-linux-2023.1-virtualbox-amd64/kali-linux-2023.1-virtualbox-amd64.vbox" with version "1.19-linux"
00:01:32.750474 nspr-8   Finished saving settings file "/home/space/Documents/ISO/kali-linux-2023.1-virtualbox-amd64/kali-linux-2023.1-virtualbox-amd64.vbox"
00:01:32.768802 nspr-8   ERROR [COM]: aRC=VBOX_E_INVALID_VM_STATE (0x80bb0002) aIID={300763af-5d6b-46e6-aa96-273eac15538a} aComponent={MachineWrap} aText={The machine is not mutable (state is Starting)}, preserve=false aResultDetail=0
00:01:32.781280 nspr-8   WARNING [COM]: aRC=NS_ERROR_FAILURE (0x80004005) aIID={e54f6256-97a7-4947-8a78-10c013ddf4b8} aComponent={HostWrap} aText={VirtualBox is not currently allowed to access USB devices.  You can change this by adding your user to the 'vboxusers' group.  Please see the user manual for a more detailed explanation}, preserve=true aResultDetail=0
00:01:32.782279 nspr-8   WARNING [COM]: aRC=NS_ERROR_FAILURE (0x80004005) aIID={e54f6256-97a7-4947-8a78-10c013ddf4b8} aComponent={HostWrap} aText={VirtualBox is not currently allowed to access USB devices.  You can change this by adding your user to the 'vboxusers' group.  Please see the user manual for a more detailed explanation}, preserve=true aResultDetail=0
00:01:33.532205 nspr-5   ERROR [COM]: aRC=VBOX_E_INVALID_VM_STATE (0x80bb0002) aIID={300763af-5d6b-46e6-aa96-273eac15538a} aComponent={SessionMachine} aText={The machine is not mutable or saved (state is Starting)}, preserve=false aResultDetail=0
00:01:33.535695 nspr-5   Saving settings file "/home/space/Documents/ISO/kali-linux-2023.1-virtualbox-amd64/kali-linux-2023.1-virtualbox-amd64.vbox" with version "1.19-linux"
00:01:33.546578 nspr-5   Finished saving settings file "/home/space/Documents/ISO/kali-linux-2023.1-virtualbox-amd64/kali-linux-2023.1-virtualbox-amd64.vbox"
00:01:33.567490 nspr-6   ERROR [COM]: aRC=VBOX_E_INVALID_VM_STATE (0x80bb0002) aIID={300763af-5d6b-46e6-aa96-273eac15538a} aComponent={MachineWrap} aText={The machine is not mutable (state is Starting)}, preserve=false aResultDetail=0
00:01:33.580406 nspr-2   WARNING [COM]: aRC=NS_ERROR_FAILURE (0x80004005) aIID={e54f6256-97a7-4947-8a78-10c013ddf4b8} aComponent={HostWrap} aText={VirtualBox is not currently allowed to access USB devices.  You can change this by adding your user to the 'vboxusers' group.  Please see the user manual for a more detailed explanation}, preserve=true aResultDetail=0
00:01:33.581285 nspr-2   WARNING [COM]: aRC=NS_ERROR_FAILURE (0x80004005) aIID={e54f6256-97a7-4947-8a78-10c013ddf4b8} aComponent={HostWrap} aText={VirtualBox is not currently allowed to access USB devices.  You can change this by adding your user to the 'vboxusers' group.  Please see the user manual for a more detailed explanation}, preserve=true aResultDetail=0
00:02:00.489419 nspr-3   ERROR [COM]: aRC=NS_ERROR_FAILURE (0x80004005) aIID={aac6c7cb-a371-4c58-ab51-0616896b2f2c} aComponent={SystemPropertiesWrap} aText={Cannot determine default Guest Additions ISO location. Most likely they are not available}, preserve=false aResultDetail=0
00:02:15.596521 nspr-3   Loading settings file "/home/space/Documents/ISO/kali-linux-2023.1-virtualbox-amd64/kali-linux-2023.1-virtualbox-amd64.vbox" with version "1.19-linux"
00:02:15.596719 nspr-3   ERROR [COM]: aRC=NS_ERROR_FAILURE (0x80004005) aIID={300763af-5d6b-46e6-aa96-273eac15538a} aComponent={MachineWrap} aText={Trying to open a VM config '/home/space/Documents/ISO/kali-linux-2023.1-virtualbox-amd64/kali-linux-2023.1-virtualbox-amd64.vbox' which has the same UUID as an existing virtual machine}, preserve=false aResultDetail=0
00:02:16.997555 nspr-3   Saving settings file "/home/space/.config/VirtualBox/VirtualBox.xml" with version "1.12-linux"
00:02:17.010035 nspr-3   Finished saving settings file "/home/space/.config/VirtualBox/VirtualBox.xml"
00:02:19.428646 nspr-4   Saving settings file "/home/space/.config/VirtualBox/VirtualBox.xml" with version "1.12-linux"
00:02:19.440030 nspr-4   Finished saving settings file "/home/space/.config/VirtualBox/VirtualBox.xml"
